<?xml version="1.0" encoding="utf-8"?><testsuites name="pytest tests"><testsuite name="pytest" errors="0" failures="0" skipped="0" tests="10" time="0.030" timestamp="2026-03-23T22:23:08.098411+00:00" hostname="agent-env-1bdd3e79-0238-4be9-a712-cf27c74a1a34"><testcase classname="tests.test_metric_validation.MetricValidationSuiteTests" name="test_all_required_validation_checks_are_present" time="0.001" /><testcase classname="tests.test_metric_validation.MetricValidationSuiteTests" name="test_cdl_window_behavior_check_passes" time="0.000" /><testcase classname="tests.test_metric_validation.MetricValidationSuiteTests" name="test_metric_non_redundancy_check_passes" time="0.000" /><testcase classname="tests.test_metric_validation.MetricValidationSuiteTests" name="test_pcm_can_match_while_cdl_differs" time="0.000" /><testcase classname="tests.test_metric_validation.MetricValidationSuiteTests" name="test_pcm_construct_check_passes" time="0.000" /><testcase classname="tests.test_metric_validation.MetricValidationSuiteTests" name="test_pr_differs_while_accuracy_is_the_same" time="0.000" /><testcase classname="tests.test_metric_validation.MetricValidationSuiteTests" name="test_pr_perseveration_specificity_check_passes" time="0.000" /><testcase classname="tests.test_metric_validation.MetricValidationSuiteTests" name="test_repeated_validation_runs_are_deterministic" time="0.001" /><testcase classname="tests.test_metric_validation.MetricValidationSuiteTests" name="test_run_metric_validation_suite_returns_structured_result" time="0.000" /><testcase classname="tests.test_metric_validation.MetricValidationSuiteTests" name="test_validation_helpers_reuse_existing_evaluator_functions" time="0.001" /></testsuite></testsuites>