<?xml version="1.0" encoding="utf-8"?><testsuites name="pytest tests"><testsuite name="pytest" errors="0" failures="0" skipped="0" tests="8" time="0.041" timestamp="2026-03-23T21:28:32.677390+00:00" hostname="agent-env-1bdd3e79-0238-4be9-a712-cf27c74a1a34"><testcase classname="tests.test_validation_flow.ValidationFlowTests" name="test_adaptive_cdl_is_less_than_or_equal_to_static_cdl_when_present" time="0.003" /><testcase classname="tests.test_validation_flow.ValidationFlowTests" name="test_adaptive_pr_is_less_than_or_equal_to_static_pr" time="0.002" /><testcase classname="tests.test_validation_flow.ValidationFlowTests" name="test_behavioral_separation_helper_returns_expected_boolean_flags" time="0.002" /><testcase classname="tests.test_validation_flow.ValidationFlowTests" name="test_random_agent_pcm_is_lower_than_static_agent_pcm" time="0.002" /><testcase classname="tests.test_validation_flow.ValidationFlowTests" name="test_repeated_validation_runs_are_identical" time="0.004" /><testcase classname="tests.test_validation_flow.ValidationFlowTests" name="test_validation_episode_ids_helper_returns_copy" time="0.000" /><testcase classname="tests.test_validation_flow.ValidationFlowTests" name="test_validation_runs_without_errors" time="0.002" /><testcase classname="tests.test_validation_flow.ValidationFlowTests" name="test_validation_with_summary_returns_comparison_and_summary" time="0.002" /></testsuite></testsuites>