<?xml version="1.0" encoding="utf-8"?><testsuites name="pytest tests"><testsuite name="pytest" errors="0" failures="0" skipped="0" tests="3" time="0.023" timestamp="2026-03-23T23:45:14.829413+00:00" hostname="agent-env-1bdd3e79-0238-4be9-a712-cf27c74a1a34"><testcase classname="tests.test_additional_validation_cases.AdditionalValidationCaseTests" name="test_additional_cases_are_deterministic" time="0.001" /><testcase classname="tests.test_additional_validation_cases.AdditionalValidationCaseTests" name="test_same_accuracy_can_hide_different_cdl_and_pr" time="0.000" /><testcase classname="tests.test_additional_validation_cases.AdditionalValidationCaseTests" name="test_same_error_rate_can_produce_different_pr" time="0.000" /></testsuite></testsuites>