<?xml version="1.0" encoding="utf-8"?><testsuites name="pytest tests"><testsuite name="pytest" errors="0" failures="0" skipped="0" tests="4" time="0.013" timestamp="2026-03-23T17:26:12.960878+00:00" hostname="agent-env-1bdd3e79-0238-4be9-a712-cf27c74a1a34"><testcase classname="tests.test_shift_rule.ShiftRuleTests" name="test_basic_shift" time="0.000" /><testcase classname="tests.test_shift_rule.ShiftRuleTests" name="test_invalid_symbol_raises_clear_error" time="0.000" /><testcase classname="tests.test_shift_rule.ShiftRuleTests" name="test_negative_shift" time="0.000" /><testcase classname="tests.test_shift_rule.ShiftRuleTests" name="test_wrap_around" time="0.000" /></testsuite></testsuites>