<?xml version="1.0" encoding="utf-8"?><testsuites name="pytest tests"><testsuite name="pytest" errors="0" failures="0" skipped="0" tests="8" time="0.033" timestamp="2026-03-23T21:16:23.775767+00:00" hostname="agent-env-1bdd3e79-0238-4be9-a712-cf27c74a1a34"><testcase classname="tests.test_comparison_helper.ComparisonHelperTests" name="test_adaptive_agent_shows_better_recovery_than_static_agent" time="0.002" /><testcase classname="tests.test_comparison_helper.ComparisonHelperTests" name="test_every_agent_is_evaluated_on_every_requested_episode" time="0.002" /><testcase classname="tests.test_comparison_helper.ComparisonHelperTests" name="test_helper_uses_same_episode_configuration_as_manual_metric_runs" time="0.001" /><testcase classname="tests.test_comparison_helper.ComparisonHelperTests" name="test_none_cdl_values_are_preserved_in_results_and_summary" time="0.000" /><testcase classname="tests.test_comparison_helper.ComparisonHelperTests" name="test_random_agent_performs_worse_than_static_agent_pre_change_or_accuracy" time="0.001" /><testcase classname="tests.test_comparison_helper.ComparisonHelperTests" name="test_results_are_deterministic_across_repeated_identical_runs" time="0.003" /><testcase classname="tests.test_comparison_helper.ComparisonHelperTests" name="test_returns_results_for_all_three_baseline_agents" time="0.001" /><testcase classname="tests.test_comparison_helper.ComparisonHelperTests" name="test_static_agent_can_have_high_pcm_but_worse_post_switch_metrics_than_adaptive" time="0.001" /></testsuite></testsuites>