<?xml version="1.0" encoding="utf-8"?><testsuites name="pytest tests"><testsuite name="pytest" errors="0" failures="0" skipped="0" tests="7" time="0.027" timestamp="2026-03-24T01:03:37.348144+00:00" hostname="agent-env-1bdd3e79-0238-4be9-a712-cf27c74a1a34"><testcase classname="tests.test_kaggle_adapter" name="test_kaggle_episode_task_is_deterministic" time="0.001" /><testcase classname="tests.test_kaggle_adapter" name="test_task_input_preserves_episode_level_interaction_contract" time="0.000" /><testcase classname="tests.test_kaggle_adapter" name="test_score_kaggle_episode_actions_routes_through_existing_core_correctly" time="0.000" /><testcase classname="tests.test_kaggle_adapter" name="test_working_task_prototype_runs_with_existing_agent_path" time="0.000" /><testcase classname="tests.test_kaggle_adapter" name="test_validation_benchmark_group_is_reproducible" time="0.000" /><testcase classname="tests.test_kaggle_adapter" name="test_validation_benchmark_uses_fixed_episode_ids" time="0.000" /><testcase classname="tests.test_kaggle_adapter" name="test_kaggle_readme_documents_hook_points_and_submission_boundaries" time="0.000" /></testsuite></testsuites>