<?xml version="1.0" encoding="utf-8"?><testsuites name="pytest tests"><testsuite name="pytest" errors="0" failures="0" skipped="0" tests="109" time="0.144" timestamp="2026-03-24T00:12:38.260423+00:00" hostname="agent-env-1bdd3e79-0238-4be9-a712-cf27c74a1a34"><testcase classname="tests.test_adaptive_shift_agent.AdaptiveShiftAgentTests" name="test_abandons_committed_shift_after_failure_streak" time="0.001" /><testcase classname="tests.test_adaptive_shift_agent.AdaptiveShiftAgentTests" name="test_can_recommit_to_new_shift_after_revision" time="0.000" /><testcase classname="tests.test_adaptive_shift_agent.AdaptiveShiftAgentTests" name="test_commits_after_configured_confirmations" time="0.000" /><testcase classname="tests.test_adaptive_shift_agent.AdaptiveShiftAgentTests" name="test_is_deterministic_across_identical_runs" time="0.000" /><testcase classname="tests.test_adaptive_shift_agent.AdaptiveShiftAgentTests" name="test_requires_reset_before_use" time="0.000" /><testcase classname="tests.test_adaptive_shift_agent.AdaptiveShiftAgentTests" name="test_revises_and_recovers_better_than_static_agent_after_switch" time="0.001" /><testcase classname="tests.test_adaptive_shift_agent.AdaptiveShiftAgentTests" name="test_uses_committed_shift_while_feedback_remains_correct" time="0.000" /><testcase classname="tests.test_adaptive_shift_agent.AdaptiveShiftAgentTests" name="test_works_with_agent_feedback_only" time="0.000" /><testcase classname="tests.test_additional_validation_cases.AdditionalValidationCaseTests" name="test_additional_cases_are_deterministic" time="0.000" /><testcase classname="tests.test_additional_validation_cases.AdditionalValidationCaseTests" name="test_same_accuracy_can_hide_different_cdl_and_pr" time="0.000" /><testcase classname="tests.test_additional_validation_cases.AdditionalValidationCaseTests" name="test_same_error_rate_can_produce_different_pr" time="0.000" /><testcase classname="tests.test_agents.RandomAgentTests" name="test_is_deterministic_with_seed" time="0.000" /><testcase classname="tests.test_agents.RandomAgentTests" name="test_returns_only_symbols_from_alphabet" time="0.000" /><testcase classname="tests.test_agents.StaticShiftAgentTests" name="test_does_not_revise_policy_after_switch_once_committed" time="0.000" /><testcase classname="tests.test_agents.StaticShiftAgentTests" name="test_produces_stable_behavior_after_committing" time="0.000" /><testcase classname="tests.test_agents.StaticShiftAgentTests" name="test_uses_only_action_and_correct_feedback_to_commit" time="0.000" /><testcase classname="tests.test_comparison_helper.ComparisonHelperTests" name="test_adaptive_agent_shows_better_recovery_than_static_agent" time="0.002" /><testcase classname="tests.test_comparison_helper.ComparisonHelperTests" name="test_every_agent_is_evaluated_on_every_requested_episode" time="0.001" /><testcase classname="tests.test_comparison_helper.ComparisonHelperTests" name="test_helper_uses_same_episode_configuration_as_manual_metric_runs" time="0.001" /><testcase classname="tests.test_comparison_helper.ComparisonHelperTests" name="test_none_cdl_values_are_preserved_in_results_and_summary" time="0.000" /><testcase classname="tests.test_comparison_helper.ComparisonHelperTests" name="test_random_agent_performs_worse_than_static_agent_pre_change_or_accuracy" time="0.001" /><testcase classname="tests.test_comparison_helper.ComparisonHelperTests" name="test_results_are_deterministic_across_repeated_identical_runs" time="0.003" /><testcase classname="tests.test_comparison_helper.ComparisonHelperTests" name="test_returns_results_for_all_three_baseline_agents" time="0.001" /><testcase classname="tests.test_comparison_helper.ComparisonHelperTests" name="test_static_agent_can_have_high_pcm_but_worse_post_switch_metrics_than_adaptive" time="0.001" /><testcase classname="tests.test_core_metrics.CoreMetricTests" name="test_cdl_detects_first_valid_success_window" time="0.000" /><testcase classname="tests.test_core_metrics.CoreMetricTests" name="test_cdl_does_not_trigger_on_single_lucky_correct_step" time="0.000" /><testcase classname="tests.test_core_metrics.CoreMetricTests" name="test_cdl_returns_none_when_no_recovery_window_exists" time="0.000" /><testcase classname="tests.test_core_metrics.CoreMetricTests" name="test_cdl_returns_none_when_post_switch_segment_is_shorter_than_window" time="0.000" /><testcase classname="tests.test_core_metrics.CoreMetricTests" name="test_evaluate_core_metrics_returns_expected_combined_result" time="0.000" /><testcase classname="tests.test_core_metrics.CoreMetricTests" name="test_pcm_is_computed_correctly_for_mixed_pre_switch_accuracy" time="0.000" /><testcase classname="tests.test_core_metrics.CoreMetricTests" name="test_pcm_returns_one_for_perfect_pre_change_behavior" time="0.000" /><testcase classname="tests.test_core_metrics.CoreMetricTests" name="test_pcm_returns_zero_for_total_pre_change_failure" time="0.000" /><testcase classname="tests.test_core_metrics.CoreMetricTests" name="test_pr_counts_only_post_switch_errors_matching_pre_change_rule" time="0.000" /><testcase classname="tests.test_core_metrics.CoreMetricTests" name="test_pr_does_not_count_non_perseverative_post_switch_errors" time="0.000" /><testcase classname="tests.test_core_metrics.CoreMetricTests" name="test_pr_is_not_generic_post_switch_error_rate" time="0.001" /><testcase classname="tests.test_core_metrics.CoreMetricTests" name="test_pr_returns_zero_when_there_are_no_post_switch_errors" time="0.000" /><testcase classname="tests.test_environment.RCSEnvironmentTests" name="test_done_becomes_true_after_last_step" time="0.000" /><testcase classname="tests.test_environment.RCSEnvironmentTests" name="test_get_trajectory_returns_copy_without_exposing_internal_list" time="0.000" /><testcase classname="tests.test_environment.RCSEnvironmentTests" name="test_history_is_bounded_by_history_window" time="0.000" /><testcase classname="tests.test_environment.RCSEnvironmentTests" name="test_reset_returns_initial_observation" time="0.000" /><testcase classname="tests.test_environment.RCSEnvironmentTests" name="test_reward_is_one_for_correct_and_zero_for_incorrect" time="0.000" /><testcase classname="tests.test_environment.RCSEnvironmentTests" name="test_step_after_done_raises_clear_error" time="0.000" /><testcase classname="tests.test_environment.RCSEnvironmentTests" name="test_step_before_reset_raises_clear_error" time="0.000" /><testcase classname="tests.test_environment.RCSEnvironmentTests" name="test_step_evaluates_correctly_after_switch" time="0.000" /><testcase classname="tests.test_environment.RCSEnvironmentTests" name="test_step_evaluates_correctly_before_switch" time="0.000" /><testcase classname="tests.test_environment.RCSEnvironmentTests" name="test_switch_behavior_matches_ruleset_exactly" time="0.000" /><testcase classname="tests.test_environment.RCSEnvironmentTests" name="test_trajectory_records_are_appended_correctly" time="0.000" /><testcase classname="tests.test_episode_builder.EpisodeBuilderTests" name="test_alphabet_is_unique_and_matches_requested_size" time="0.000" /><testcase classname="tests.test_episode_builder.EpisodeBuilderTests" name="test_builds_valid_episode_spec" time="0.000" /><testcase classname="tests.test_episode_builder.EpisodeBuilderTests" name="test_episode_id_changes_episode_seed_deterministically" time="0.000" /><testcase classname="tests.test_episode_builder.EpisodeBuilderTests" name="test_generation_is_deterministic_for_same_config_and_seed" time="0.000" /><testcase classname="tests.test_episode_builder.EpisodeBuilderTests" name="test_input_stream_is_not_constant" time="0.000" /><testcase classname="tests.test_episode_builder.EpisodeBuilderTests" name="test_input_stream_uses_only_alphabet_symbols" time="0.000" /><testcase classname="tests.test_episode_builder.EpisodeBuilderTests" name="test_shifts_are_non_zero_distinct_and_not_modulo_equivalent" time="0.000" /><testcase classname="tests.test_episode_builder.EpisodeBuilderTests" name="test_switch_step_is_within_required_bounds" time="0.000" /><testcase classname="tests.test_episode_builder.EpisodeBuilderTests" name="test_switch_step_respects_custom_ratio_band" time="0.000" /><testcase classname="tests.test_episode_runner.EpisodeRunnerTests" name="test_repeated_runs_with_same_seeds_are_deterministic" time="0.000" /><testcase classname="tests.test_episode_runner.EpisodeRunnerTests" name="test_returned_trajectory_length_matches_episode_length" time="0.000" /><testcase classname="tests.test_episode_runner.EpisodeRunnerTests" name="test_runner_completes_episode_end_to_end" time="0.000" /><testcase classname="tests.test_episode_runner.EpisodeRunnerTests" name="test_runner_exposes_only_agent_facing_feedback" time="0.000" /><testcase classname="tests.test_episode_runner.EpisodeRunnerTests" name="test_runner_works_with_adaptive_agent" time="0.000" /><testcase classname="tests.test_episode_runner.EpisodeRunnerTests" name="test_runner_works_with_random_and_static_agents" time="0.000" /><testcase classname="tests.test_episode_runner.EpisodeRunnerTests" name="test_summary_statistics_are_computed_correctly" time="0.000" /><testcase classname="tests.test_episode_spec.EpisodeSpecTests" name="test_invalid_switch_step_raises_error" time="0.000" /><testcase classname="tests.test_episode_spec.EpisodeSpecTests" name="test_valid_creation" time="0.000" /><testcase classname="tests.test_evidence_summary.EvidenceSummaryTests" name="test_behavioral_separation_passed_reflects_sanity_checks" time="0.005" /><testcase classname="tests.test_evidence_summary.EvidenceSummaryTests" name="test_build_evidence_summary_returns_valid_structure" time="0.003" /><testcase classname="tests.test_evidence_summary.EvidenceSummaryTests" name="test_claims_include_metric_validation_and_behavioral_separation_evidence_links" time="0.002" /><testcase classname="tests.test_evidence_summary.EvidenceSummaryTests" name="test_expected_claim_names_are_present" time="0.002" /><testcase classname="tests.test_evidence_summary.EvidenceSummaryTests" name="test_markdown_output_includes_key_sections" time="0.002" /><testcase classname="tests.test_evidence_summary.EvidenceSummaryTests" name="test_markdown_output_is_deterministic" time="0.005" /><testcase classname="tests.test_evidence_summary.EvidenceSummaryTests" name="test_metric_validation_passed_reflects_validation_suite" time="0.003" /><testcase classname="tests.test_evidence_summary.EvidenceSummaryTests" name="test_summary_includes_metric_validation_baseline_summary_and_behavior_checks" time="0.003" /><testcase classname="tests.test_metric_validation.MetricValidationSuiteTests" name="test_all_required_validation_checks_are_present" time="0.001" /><testcase classname="tests.test_metric_validation.MetricValidationSuiteTests" name="test_cdl_window_behavior_check_passes" time="0.000" /><testcase classname="tests.test_metric_validation.MetricValidationSuiteTests" name="test_metric_non_redundancy_check_passes" time="0.000" /><testcase classname="tests.test_metric_validation.MetricValidationSuiteTests" name="test_pcm_can_match_while_cdl_differs" time="0.000" /><testcase classname="tests.test_metric_validation.MetricValidationSuiteTests" name="test_pcm_construct_check_passes" time="0.000" /><testcase classname="tests.test_metric_validation.MetricValidationSuiteTests" name="test_pr_differs_while_accuracy_is_the_same" time="0.000" /><testcase classname="tests.test_metric_validation.MetricValidationSuiteTests" name="test_pr_perseveration_specificity_check_passes" time="0.000" /><testcase classname="tests.test_metric_validation.MetricValidationSuiteTests" name="test_repeated_validation_runs_are_deterministic" time="0.001" /><testcase classname="tests.test_metric_validation.MetricValidationSuiteTests" name="test_run_metric_validation_suite_returns_structured_result" time="0.000" /><testcase classname="tests.test_metric_validation.MetricValidationSuiteTests" name="test_validation_helpers_reuse_existing_evaluator_functions" time="0.001" /><testcase classname="tests.test_rule_set.RuleSetTests" name="test_boundary_step_uses_post_change_rule" time="0.000" /><testcase classname="tests.test_rule_set.RuleSetTests" name="test_multiple_calls_are_consistent" time="0.000" /><testcase classname="tests.test_rule_set.RuleSetTests" name="test_negative_step_id_raises_error" time="0.000" /><testcase classname="tests.test_rule_set.RuleSetTests" name="test_uses_post_change_rule_after_switch" time="0.000" /><testcase classname="tests.test_rule_set.RuleSetTests" name="test_uses_pre_change_rule_before_switch" time="0.000" /><testcase classname="tests.test_shift_rule.ShiftRuleTests" name="test_basic_shift" time="0.000" /><testcase classname="tests.test_shift_rule.ShiftRuleTests" name="test_invalid_symbol_raises_clear_error" time="0.000" /><testcase classname="tests.test_shift_rule.ShiftRuleTests" name="test_negative_shift" time="0.000" /><testcase classname="tests.test_shift_rule.ShiftRuleTests" name="test_wrap_around" time="0.000" /><testcase classname="tests.test_static_shift_commit_rule_regression.StaticShiftCommitRuleRegressionTests" name="test_does_not_commit_on_non_consecutive_same_shift_inferences" time="0.000" /><testcase classname="tests.test_task14_writeup_readiness" name="test_required_narrative_files_exist_and_are_non_empty" time="0.000" /><testcase classname="tests.test_task14_writeup_readiness" name="test_optional_support_files_are_present_and_have_expected_scope" time="0.000" /><testcase classname="tests.test_task14_writeup_readiness" name="test_kaggle_writeup_required_section_order" time="0.000" /><testcase classname="tests.test_task14_writeup_readiness" name="test_results_snapshot_matches_current_validation_baseline_summary" time="0.002" /><testcase classname="tests.test_task14_writeup_readiness" name="test_dataset_notes_cover_required_episode_spec_and_dataset_properties" time="0.000" /><testcase classname="tests.test_task14_writeup_readiness" name="test_submission_checklist_contains_required_items_and_privacy_note" time="0.000" /><testcase classname="tests.test_task14_writeup_readiness" name="test_benchmark_packaging_notes_cover_input_output_verification_and_grouping" time="0.000" /><testcase classname="tests.test_task14_writeup_readiness" name="test_evidence_summary_lazy_import_path_works_end_to_end" time="0.002" /><testcase classname="tests.test_validation_flow.ValidationFlowTests" name="test_adaptive_cdl_is_less_than_or_equal_to_static_cdl_when_present" time="0.002" /><testcase classname="tests.test_validation_flow.ValidationFlowTests" name="test_adaptive_pr_is_less_than_or_equal_to_static_pr" time="0.002" /><testcase classname="tests.test_validation_flow.ValidationFlowTests" name="test_behavioral_separation_helper_returns_expected_boolean_flags" time="0.002" /><testcase classname="tests.test_validation_flow.ValidationFlowTests" name="test_random_agent_pcm_is_lower_than_static_agent_pcm" time="0.002" /><testcase classname="tests.test_validation_flow.ValidationFlowTests" name="test_repeated_validation_runs_are_identical" time="0.004" /><testcase classname="tests.test_validation_flow.ValidationFlowTests" name="test_validation_episode_ids_helper_returns_copy" time="0.000" /><testcase classname="tests.test_validation_flow.ValidationFlowTests" name="test_validation_runs_without_errors" time="0.002" /><testcase classname="tests.test_validation_flow.ValidationFlowTests" name="test_validation_with_summary_returns_comparison_and_summary" time="0.002" /></testsuite></testsuites>