<?xml version="1.0" encoding="utf-8"?><testsuites name="pytest tests"><testsuite name="pytest" errors="0" failures="0" skipped="0" tests="11" time="0.020" timestamp="2026-03-23T18:32:34.073031+00:00" hostname="agent-env-1bdd3e79-0238-4be9-a712-cf27c74a1a34"><testcase classname="tests.test_episode_spec.EpisodeSpecTests" name="test_invalid_switch_step_raises_error" time="0.001" /><testcase classname="tests.test_episode_spec.EpisodeSpecTests" name="test_valid_creation" time="0.000" /><testcase classname="tests.test_rule_set.RuleSetTests" name="test_boundary_step_uses_post_change_rule" time="0.000" /><testcase classname="tests.test_rule_set.RuleSetTests" name="test_multiple_calls_are_consistent" time="0.000" /><testcase classname="tests.test_rule_set.RuleSetTests" name="test_negative_step_id_raises_error" time="0.000" /><testcase classname="tests.test_rule_set.RuleSetTests" name="test_uses_post_change_rule_after_switch" time="0.000" /><testcase classname="tests.test_rule_set.RuleSetTests" name="test_uses_pre_change_rule_before_switch" time="0.000" /><testcase classname="tests.test_shift_rule.ShiftRuleTests" name="test_basic_shift" time="0.000" /><testcase classname="tests.test_shift_rule.ShiftRuleTests" name="test_invalid_symbol_raises_clear_error" time="0.000" /><testcase classname="tests.test_shift_rule.ShiftRuleTests" name="test_negative_shift" time="0.000" /><testcase classname="tests.test_shift_rule.ShiftRuleTests" name="test_wrap_around" time="0.000" /></testsuite></testsuites>