<?xml version="1.0" encoding="utf-8"?><testsuites name="pytest tests"><testsuite name="pytest" errors="0" failures="0" skipped="0" tests="8" time="0.049" timestamp="2026-03-23T23:07:40.026638+00:00" hostname="agent-env-1bdd3e79-0238-4be9-a712-cf27c74a1a34"><testcase classname="tests.test_evidence_summary.EvidenceSummaryTests" name="test_behavioral_separation_passed_reflects_sanity_checks" time="0.005" /><testcase classname="tests.test_evidence_summary.EvidenceSummaryTests" name="test_build_evidence_summary_returns_valid_structure" time="0.003" /><testcase classname="tests.test_evidence_summary.EvidenceSummaryTests" name="test_claims_include_metric_validation_and_behavioral_separation_evidence_links" time="0.003" /><testcase classname="tests.test_evidence_summary.EvidenceSummaryTests" name="test_expected_claim_names_are_present" time="0.003" /><testcase classname="tests.test_evidence_summary.EvidenceSummaryTests" name="test_markdown_output_includes_key_sections" time="0.003" /><testcase classname="tests.test_evidence_summary.EvidenceSummaryTests" name="test_markdown_output_is_deterministic" time="0.005" /><testcase classname="tests.test_evidence_summary.EvidenceSummaryTests" name="test_metric_validation_passed_reflects_validation_suite" time="0.003" /><testcase classname="tests.test_evidence_summary.EvidenceSummaryTests" name="test_summary_includes_metric_validation_baseline_summary_and_behavior_checks" time="0.003" /></testsuite></testsuites>