<?xml version="1.0" encoding="utf-8"?><testsuites name="pytest tests"><testsuite name="pytest" errors="0" failures="0" skipped="0" tests="52" time="0.049" timestamp="2026-03-23T20:32:38.021174+00:00" hostname="agent-env-1bdd3e79-0238-4be9-a712-cf27c74a1a34"><testcase classname="tests.test_adaptive_shift_agent.AdaptiveShiftAgentTests" name="test_abandons_committed_shift_after_failure_streak" time="0.000" /><testcase classname="tests.test_adaptive_shift_agent.AdaptiveShiftAgentTests" name="test_can_recommit_to_new_shift_after_revision" time="0.000" /><testcase classname="tests.test_adaptive_shift_agent.AdaptiveShiftAgentTests" name="test_commits_after_configured_confirmations" time="0.000" /><testcase classname="tests.test_adaptive_shift_agent.AdaptiveShiftAgentTests" name="test_is_deterministic_across_identical_runs" time="0.000" /><testcase classname="tests.test_adaptive_shift_agent.AdaptiveShiftAgentTests" name="test_requires_reset_before_use" time="0.000" /><testcase classname="tests.test_adaptive_shift_agent.AdaptiveShiftAgentTests" name="test_revises_and_recovers_better_than_static_agent_after_switch" time="0.000" /><testcase classname="tests.test_adaptive_shift_agent.AdaptiveShiftAgentTests" name="test_uses_committed_shift_while_feedback_remains_correct" time="0.000" /><testcase classname="tests.test_adaptive_shift_agent.AdaptiveShiftAgentTests" name="test_works_with_agent_feedback_only" time="0.000" /><testcase classname="tests.test_agents.RandomAgentTests" name="test_is_deterministic_with_seed" time="0.000" /><testcase classname="tests.test_agents.RandomAgentTests" name="test_returns_only_symbols_from_alphabet" time="0.000" /><testcase classname="tests.test_agents.StaticShiftAgentTests" name="test_does_not_revise_policy_after_switch_once_committed" time="0.000" /><testcase classname="tests.test_agents.StaticShiftAgentTests" name="test_produces_stable_behavior_after_committing" time="0.000" /><testcase classname="tests.test_agents.StaticShiftAgentTests" name="test_uses_only_action_and_correct_feedback_to_commit" time="0.000" /><testcase classname="tests.test_environment.RCSEnvironmentTests" name="test_done_becomes_true_after_last_step" time="0.000" /><testcase classname="tests.test_environment.RCSEnvironmentTests" name="test_get_trajectory_returns_copy_without_exposing_internal_list" time="0.000" /><testcase classname="tests.test_environment.RCSEnvironmentTests" name="test_history_is_bounded_by_history_window" time="0.000" /><testcase classname="tests.test_environment.RCSEnvironmentTests" name="test_reset_returns_initial_observation" time="0.000" /><testcase classname="tests.test_environment.RCSEnvironmentTests" name="test_reward_is_one_for_correct_and_zero_for_incorrect" time="0.000" /><testcase classname="tests.test_environment.RCSEnvironmentTests" name="test_step_after_done_raises_clear_error" time="0.000" /><testcase classname="tests.test_environment.RCSEnvironmentTests" name="test_step_before_reset_raises_clear_error" time="0.000" /><testcase classname="tests.test_environment.RCSEnvironmentTests" name="test_step_evaluates_correctly_after_switch" time="0.000" /><testcase classname="tests.test_environment.RCSEnvironmentTests" name="test_step_evaluates_correctly_before_switch" time="0.000" /><testcase classname="tests.test_environment.RCSEnvironmentTests" name="test_switch_behavior_matches_ruleset_exactly" time="0.000" /><testcase classname="tests.test_environment.RCSEnvironmentTests" name="test_trajectory_records_are_appended_correctly" time="0.000" /><testcase classname="tests.test_episode_builder.EpisodeBuilderTests" name="test_alphabet_is_unique_and_matches_requested_size" time="0.000" /><testcase classname="tests.test_episode_builder.EpisodeBuilderTests" name="test_builds_valid_episode_spec" time="0.000" /><testcase classname="tests.test_episode_builder.EpisodeBuilderTests" name="test_episode_id_changes_episode_seed_deterministically" time="0.000" /><testcase classname="tests.test_episode_builder.EpisodeBuilderTests" name="test_generation_is_deterministic_for_same_config_and_seed" time="0.000" /><testcase classname="tests.test_episode_builder.EpisodeBuilderTests" name="test_input_stream_is_not_constant" time="0.000" /><testcase classname="tests.test_episode_builder.EpisodeBuilderTests" name="test_input_stream_uses_only_alphabet_symbols" time="0.000" /><testcase classname="tests.test_episode_builder.EpisodeBuilderTests" name="test_shifts_are_non_zero_distinct_and_not_modulo_equivalent" time="0.000" /><testcase classname="tests.test_episode_builder.EpisodeBuilderTests" name="test_switch_step_is_within_required_bounds" time="0.000" /><testcase classname="tests.test_episode_builder.EpisodeBuilderTests" name="test_switch_step_respects_custom_ratio_band" time="0.000" /><testcase classname="tests.test_episode_runner.EpisodeRunnerTests" name="test_repeated_runs_with_same_seeds_are_deterministic" time="0.000" /><testcase classname="tests.test_episode_runner.EpisodeRunnerTests" name="test_returned_trajectory_length_matches_episode_length" time="0.000" /><testcase classname="tests.test_episode_runner.EpisodeRunnerTests" name="test_runner_completes_episode_end_to_end" time="0.000" /><testcase classname="tests.test_episode_runner.EpisodeRunnerTests" name="test_runner_exposes_only_agent_facing_feedback" time="0.000" /><testcase classname="tests.test_episode_runner.EpisodeRunnerTests" name="test_runner_works_with_adaptive_agent" time="0.000" /><testcase classname="tests.test_episode_runner.EpisodeRunnerTests" name="test_runner_works_with_random_and_static_agents" time="0.000" /><testcase classname="tests.test_episode_runner.EpisodeRunnerTests" name="test_summary_statistics_are_computed_correctly" time="0.000" /><testcase classname="tests.test_episode_spec.EpisodeSpecTests" name="test_invalid_switch_step_raises_error" time="0.000" /><testcase classname="tests.test_episode_spec.EpisodeSpecTests" name="test_valid_creation" time="0.000" /><testcase classname="tests.test_rule_set.RuleSetTests" name="test_boundary_step_uses_post_change_rule" time="0.000" /><testcase classname="tests.test_rule_set.RuleSetTests" name="test_multiple_calls_are_consistent" time="0.000" /><testcase classname="tests.test_rule_set.RuleSetTests" name="test_negative_step_id_raises_error" time="0.000" /><testcase classname="tests.test_rule_set.RuleSetTests" name="test_uses_post_change_rule_after_switch" time="0.000" /><testcase classname="tests.test_rule_set.RuleSetTests" name="test_uses_pre_change_rule_before_switch" time="0.000" /><testcase classname="tests.test_shift_rule.ShiftRuleTests" name="test_basic_shift" time="0.000" /><testcase classname="tests.test_shift_rule.ShiftRuleTests" name="test_invalid_symbol_raises_clear_error" time="0.000" /><testcase classname="tests.test_shift_rule.ShiftRuleTests" name="test_negative_shift" time="0.000" /><testcase classname="tests.test_shift_rule.ShiftRuleTests" name="test_wrap_around" time="0.000" /><testcase classname="tests.test_static_shift_commit_rule_regression.StaticShiftCommitRuleRegressionTests" name="test_does_not_commit_on_non_consecutive_same_shift_inferences" time="0.000" /></testsuite></testsuites>