<?xml version="1.0" encoding="utf-8"?><testsuites name="pytest tests"><testsuite name="pytest" errors="0" failures="0" skipped="0" tests="9" time="0.032" timestamp="2026-03-24T00:36:56.984982+00:00" hostname="agent-env-1bdd3e79-0238-4be9-a712-cf27c74a1a34"><testcase classname="tests.test_task14_writeup_readiness" name="test_required_narrative_files_exist_and_are_non_empty" time="0.000" /><testcase classname="tests.test_task14_writeup_readiness" name="test_optional_support_files_are_present_and_have_expected_scope" time="0.000" /><testcase classname="tests.test_task14_writeup_readiness" name="test_kaggle_writeup_required_section_order" time="0.000" /><testcase classname="tests.test_task14_writeup_readiness" name="test_kaggle_writeup_explicitly_mentions_track_and_competition_aligned_references" time="0.000" /><testcase classname="tests.test_task14_writeup_readiness" name="test_results_snapshot_matches_current_validation_baseline_summary" time="0.003" /><testcase classname="tests.test_task14_writeup_readiness" name="test_dataset_notes_cover_required_episode_spec_and_dataset_properties" time="0.000" /><testcase classname="tests.test_task14_writeup_readiness" name="test_submission_checklist_contains_required_items_and_privacy_note" time="0.000" /><testcase classname="tests.test_task14_writeup_readiness" name="test_benchmark_packaging_notes_cover_input_output_verification_and_grouping" time="0.000" /><testcase classname="tests.test_task14_writeup_readiness" name="test_evidence_summary_lazy_import_path_works_end_to_end" time="0.003" /></testsuite></testsuites>