<?xml version="1.0" encoding="utf-8"?><testsuites name="pytest tests"><testsuite name="pytest" errors="1" failures="0" skipped="0" tests="1" time="0.079" timestamp="2026-03-23T17:26:07.901030+00:00" hostname="agent-env-1bdd3e79-0238-4be9-a712-cf27c74a1a34"><testcase classname="" name="tests.test_shift_rule" time="0.000"><error message="collection failure">ImportError while importing test module '/app/tests/test_shift_rule.py'.
Hint: make sure your test modules/packages have valid Python names.
Traceback:
/usr/local/lib/python3.11/importlib/__init__.py:126: in import_module
    return _bootstrap._gcd_import(name[level:], package, level)
           ^^^^^^^^^^^^^^^^^^^^^^^^^^^^^^^^^^^^^^^^^^^^^^^^^^^^
tests/test_shift_rule.py:3: in &lt;module&gt;
    from aceb.rules.shift import ShiftRule
E   ModuleNotFoundError: No module named 'aceb'</error></testcase></testsuite></testsuites>